FAILURE: Build failed with an exception.

* What went wrong:
Execution failed for task ':app:validateSigningRelease'.
> Keystore file '/media/giang/SSD 1/dulieu/flutter/rose/rose/android/app/</home/giang/upload-keystore.jks>' not found for signing config 'release'.

* Try:
Run with --stacktrace option to get the stack trace. Run with --info or --debug option to get more log output. Run with --scan to get full insights.

* Get more help at https://help.gradle.org

BUILD FAILED in 29s
Running Gradle task 'bundleRelease'...                             30.0s
Gradle task bundleRelease failed with exit code 1
